app/build/intermediates/manifest_merge_blame_file/debug/manifest-merger-blame-debug-report.txt
1<?xml version="1.0" encoding="utf-8"?>
2<manifest xmlns:android="http://schemas.android.com/apk/res/android"
3    package="com.example.task_it"
4    android:versionCode="1"
5    android:versionName="1.0" >
6
7    <uses-sdk
8        android:minSdkVersion="17"
8-->src\main\AndroidManifest.xml
9        android:targetSdkVersion="30" />
9-->src\main\AndroidManifest.xml
10
11    <!-- Although the *SdkVersion is captured in gradle build files, this is required for non gradle builds -->
12    <!-- <uses-sdk android:minSdkVersion="14"/> -->
13    <uses-permission android:name="android.permission.ACCESS_NETWORK_STATE" />
13-->[com.google.firebase:firebase-database:20.0.2] AndroidManifest.xml:25:5-79
13-->[com.google.firebase:firebase-database:20.0.2] AndroidManifest.xml:25:22-76
14    <uses-permission android:name="android.permission.INTERNET" />
14-->[com.google.firebase:firebase-database:20.0.2] AndroidManifest.xml:26:5-67
14-->[com.google.firebase:firebase-database:20.0.2] AndroidManifest.xml:26:22-64
15
16    <application
16-->src\main\AndroidManifest.xml:5:5-138:19
17        android:allowBackup="true"
17-->src\main\AndroidManifest.xml:6:9-35
18        android:appComponentFactory="androidx.core.app.CoreComponentFactory"
18-->[androidx.core:core:1.5.0] AndroidManifest.xml:24:18-86
19        android:debuggable="true"
20        android:icon="@mipmap/ic_launcher"
20-->src\main\AndroidManifest.xml:7:9-43
21        android:label="@string/app_name"
21-->src\main\AndroidManifest.xml:8:9-41
22        android:roundIcon="@mipmap/ic_launcher_round"
22-->src\main\AndroidManifest.xml:9:9-54
23        android:supportsRtl="true"
23-->src\main\AndroidManifest.xml:10:9-35
24        android:testOnly="true"
25        android:theme="@style/Theme.Taskit" >
25-->src\main\AndroidManifest.xml:11:9-44
26        <activity
26-->src\main\AndroidManifest.xml:14:9-25:20
27            android:name="com.example.task_it.Splash"
27-->src\main\AndroidManifest.xml:15:13-35
28            android:exported="true" >
28-->src\main\AndroidManifest.xml:16:13-36
29            <intent-filter>
29-->src\main\AndroidManifest.xml:20:13-24:29
30                <action android:name="android.intent.action.MAIN" />
30-->src\main\AndroidManifest.xml:21:17-69
30-->src\main\AndroidManifest.xml:21:25-66
31
32                <category android:name="android.intent.category.LAUNCHER" />
32-->src\main\AndroidManifest.xml:23:17-77
32-->src\main\AndroidManifest.xml:23:27-74
33            </intent-filter>
34        </activity>
35        <activity
35-->src\main\AndroidManifest.xml:27:9-29:39
36            android:name="com.example.task_it.JobHistory"
36-->src\main\AndroidManifest.xml:28:13-39
37            android:exported="true" />
37-->src\main\AndroidManifest.xml:29:13-36
38        <activity
38-->src\main\AndroidManifest.xml:30:9-32:39
39            android:name="com.example.task_it.EmpResetPw"
39-->src\main\AndroidManifest.xml:31:13-39
40            android:exported="true" />
40-->src\main\AndroidManifest.xml:32:13-36
41        <activity
41-->src\main\AndroidManifest.xml:33:9-35:39
42            android:name="com.example.task_it.EmpProfUp"
42-->src\main\AndroidManifest.xml:34:13-38
43            android:exported="true" />
43-->src\main\AndroidManifest.xml:35:13-36
44        <activity
44-->src\main\AndroidManifest.xml:36:9-38:39
45            android:name="com.example.task_it.EmpProfile"
45-->src\main\AndroidManifest.xml:37:13-39
46            android:exported="true" />
46-->src\main\AndroidManifest.xml:38:13-36
47        <activity
47-->src\main\AndroidManifest.xml:39:9-41:39
48            android:name="com.example.task_it.EmpPwConfig"
48-->src\main\AndroidManifest.xml:40:13-40
49            android:exported="true" />
49-->src\main\AndroidManifest.xml:41:13-36
50        <activity
50-->src\main\AndroidManifest.xml:42:9-44:39
51            android:name="com.example.task_it.EmpRegSuccess"
51-->src\main\AndroidManifest.xml:43:13-42
52            android:exported="true" />
52-->src\main\AndroidManifest.xml:44:13-36
53        <activity
53-->src\main\AndroidManifest.xml:45:9-47:39
54            android:name="com.example.task_it.EmpRegEn"
54-->src\main\AndroidManifest.xml:46:13-37
55            android:exported="true" />
55-->src\main\AndroidManifest.xml:47:13-36
56        <activity
56-->src\main\AndroidManifest.xml:48:9-50:39
57            android:name="com.example.task_it.empRegAccept"
57-->src\main\AndroidManifest.xml:49:13-41
58            android:exported="true" />
58-->src\main\AndroidManifest.xml:50:13-36
59        <activity
59-->src\main\AndroidManifest.xml:51:9-53:39
60            android:name="com.example.task_it.EmpLogin"
60-->src\main\AndroidManifest.xml:52:13-37
61            android:exported="true" />
61-->src\main\AndroidManifest.xml:53:13-36
62        <activity
62-->src\main\AndroidManifest.xml:55:9-57:39
63            android:name="com.example.task_it.FavAdapter"
63-->src\main\AndroidManifest.xml:56:13-39
64            android:exported="true" />
64-->src\main\AndroidManifest.xml:57:13-36
65        <activity
65-->src\main\AndroidManifest.xml:58:9-60:39
66            android:name="com.example.task_it.FavList"
66-->src\main\AndroidManifest.xml:59:13-36
67            android:exported="true" />
67-->src\main\AndroidManifest.xml:60:13-36
68        <activity
68-->src\main\AndroidManifest.xml:61:9-63:39
69            android:name="com.example.task_it.CustomerCare"
69-->src\main\AndroidManifest.xml:62:13-41
70            android:exported="true" />
70-->src\main\AndroidManifest.xml:63:13-36
71        <activity
71-->src\main\AndroidManifest.xml:64:9-66:38
72            android:name="com.example.task_it.HomePage"
72-->src\main\AndroidManifest.xml:65:13-37
73            android:exported="true" />
73-->src\main\AndroidManifest.xml:66:13-36
74        <activity
74-->src\main\AndroidManifest.xml:68:9-70:39
75            android:name="com.example.task_it.CusForgotPass"
75-->src\main\AndroidManifest.xml:69:13-42
76            android:exported="true" />
76-->src\main\AndroidManifest.xml:70:13-36
77        <activity
77-->src\main\AndroidManifest.xml:71:9-74:39
78            android:name="com.example.task_it.EmployeeRating"
78-->src\main\AndroidManifest.xml:73:13-43
79            android:exported="true" />
79-->src\main\AndroidManifest.xml:74:13-36
80        <activity
80-->src\main\AndroidManifest.xml:75:9-77:39
81            android:name="com.example.task_it.EmpPayment"
81-->src\main\AndroidManifest.xml:76:13-39
82            android:exported="true" />
82-->src\main\AndroidManifest.xml:77:13-36
83        <activity
83-->src\main\AndroidManifest.xml:78:9-80:38
84            android:name="com.example.task_it.CusProgressBar"
84-->src\main\AndroidManifest.xml:79:13-43
85            android:exported="true" />
85-->src\main\AndroidManifest.xml:80:13-36
86        <activity
86-->src\main\AndroidManifest.xml:82:9-84:39
87            android:name="com.example.task_it.ProgressBar2"
87-->src\main\AndroidManifest.xml:83:13-41
88            android:exported="true" />
88-->src\main\AndroidManifest.xml:84:13-36
89        <activity
89-->src\main\AndroidManifest.xml:87:9-89:38
90            android:name="com.example.task_it.EmpCash"
90-->src\main\AndroidManifest.xml:88:13-36
91            android:exported="true" />
91-->src\main\AndroidManifest.xml:89:13-36
92        <activity
92-->src\main\AndroidManifest.xml:91:9-93:39
93            android:name="com.example.task_it.EmpCard"
93-->src\main\AndroidManifest.xml:92:13-36
94            android:exported="true" />
94-->src\main\AndroidManifest.xml:93:13-36
95        <activity
95-->src\main\AndroidManifest.xml:94:9-96:39
96            android:name="com.example.task_it.CusNewLocation"
96-->src\main\AndroidManifest.xml:95:13-43
97            android:exported="true" />
97-->src\main\AndroidManifest.xml:96:13-36
98        <activity
98-->src\main\AndroidManifest.xml:97:9-99:39
99            android:name="com.example.task_it.CusLocUpdate"
99-->src\main\AndroidManifest.xml:98:13-41
100            android:exported="true" />
100-->src\main\AndroidManifest.xml:99:13-36
101        <activity
101-->src\main\AndroidManifest.xml:100:9-102:39
102            android:name="com.example.task_it.CusAccUpdate"
102-->src\main\AndroidManifest.xml:101:13-41
103            android:exported="true" />
103-->src\main\AndroidManifest.xml:102:13-36
104        <activity
104-->src\main\AndroidManifest.xml:103:9-105:39
105            android:name="com.example.task_it.CusLocation"
105-->src\main\AndroidManifest.xml:104:13-40
106            android:exported="true" />
106-->src\main\AndroidManifest.xml:105:13-36
107        <activity
107-->src\main\AndroidManifest.xml:106:9-108:39
108            android:name="com.example.task_it.MyCusAccount"
108-->src\main\AndroidManifest.xml:107:13-41
109            android:exported="true" />
109-->src\main\AndroidManifest.xml:108:13-36
110        <activity
110-->src\main\AndroidManifest.xml:109:9-111:39
111            android:name="com.example.task_it.MyProfile"
111-->src\main\AndroidManifest.xml:110:13-38
112            android:exported="true" />
112-->src\main\AndroidManifest.xml:111:13-36
113        <activity
113-->src\main\AndroidManifest.xml:112:9-114:39
114            android:name="com.example.task_it.CreateNewAccount"
114-->src\main\AndroidManifest.xml:113:13-45
115            android:exported="true" />
115-->src\main\AndroidManifest.xml:114:13-36
116        <activity
116-->src\main\AndroidManifest.xml:115:9-117:39
117            android:name="com.example.task_it.CusNewAccount"
117-->src\main\AndroidManifest.xml:116:13-42
118            android:exported="true" />
118-->src\main\AndroidManifest.xml:117:13-36
119        <activity
119-->src\main\AndroidManifest.xml:118:9-120:39
120            android:name="com.example.task_it.LoginPage_Cus"
120-->src\main\AndroidManifest.xml:119:13-42
121            android:exported="true" />
121-->src\main\AndroidManifest.xml:120:13-36
122        <activity
122-->src\main\AndroidManifest.xml:122:9-123:39
123            android:name="com.example.task_it.Carpentry"
123-->src\main\AndroidManifest.xml:122:19-44
124            android:exported="true" />
124-->src\main\AndroidManifest.xml:123:13-36
125        <activity
125-->src\main\AndroidManifest.xml:125:9-126:38
126            android:name="com.example.task_it.Electrician"
126-->src\main\AndroidManifest.xml:125:19-46
127            android:exported="true" />
127-->src\main\AndroidManifest.xml:126:13-36
128        <activity
128-->src\main\AndroidManifest.xml:127:9-128:38
129            android:name="com.example.task_it.AssignTask"
129-->src\main\AndroidManifest.xml:127:19-45
130            android:exported="true" />
130-->src\main\AndroidManifest.xml:128:13-36
131        <activity
131-->src\main\AndroidManifest.xml:129:9-130:38
132            android:name="com.example.task_it.EmpJob"
132-->src\main\AndroidManifest.xml:129:19-41
133            android:exported="true" />
133-->src\main\AndroidManifest.xml:130:13-36
134        <activity
134-->src\main\AndroidManifest.xml:131:9-132:38
135            android:name="com.example.task_it.JobAccepted"
135-->src\main\AndroidManifest.xml:131:19-46
136            android:exported="true" />
136-->src\main\AndroidManifest.xml:132:13-36
137        <activity
137-->src\main\AndroidManifest.xml:133:9-134:38
138            android:name="com.example.task_it.carpProfile"
138-->src\main\AndroidManifest.xml:133:19-46
139            android:exported="true" />
139-->src\main\AndroidManifest.xml:134:13-36
140        <activity
140-->src\main\AndroidManifest.xml:135:9-136:38
141            android:name="com.example.task_it.Categories"
141-->src\main\AndroidManifest.xml:135:19-45
142            android:exported="true" />
142-->src\main\AndroidManifest.xml:136:13-36
143
144        <service
144-->[com.google.firebase:firebase-database:20.0.2] AndroidManifest.xml:29:9-35:19
145            android:name="com.google.firebase.components.ComponentDiscoveryService"
145-->[com.google.firebase:firebase-database:20.0.2] AndroidManifest.xml:30:13-84
146            android:directBootAware="true"
146-->[com.google.firebase:firebase-common:20.0.0] AndroidManifest.xml:35:13-43
147            android:exported="false" >
147-->[com.google.firebase:firebase-database:20.0.2] AndroidManifest.xml:31:13-37
148            <meta-data
148-->[com.google.firebase:firebase-database:20.0.2] AndroidManifest.xml:32:13-34:85
149                android:name="com.google.firebase.components:com.google.firebase.database.DatabaseRegistrar"
149-->[com.google.firebase:firebase-database:20.0.2] AndroidManifest.xml:33:17-109
150                android:value="com.google.firebase.components.ComponentRegistrar" />
150-->[com.google.firebase:firebase-database:20.0.2] AndroidManifest.xml:34:17-82
151        </service>
152
153        <provider
153-->[com.google.firebase:firebase-common:20.0.0] AndroidManifest.xml:26:9-31:39
154            android:name="com.google.firebase.provider.FirebaseInitProvider"
154-->[com.google.firebase:firebase-common:20.0.0] AndroidManifest.xml:27:13-77
155            android:authorities="com.example.task_it.firebaseinitprovider"
155-->[com.google.firebase:firebase-common:20.0.0] AndroidManifest.xml:28:13-72
156            android:directBootAware="true"
156-->[com.google.firebase:firebase-common:20.0.0] AndroidManifest.xml:29:13-43
157            android:exported="false"
157-->[com.google.firebase:firebase-common:20.0.0] AndroidManifest.xml:30:13-37
158            android:initOrder="100" />
158-->[com.google.firebase:firebase-common:20.0.0] AndroidManifest.xml:31:13-36
159
160        <activity
160-->[com.google.android.gms:play-services-base:17.1.0] AndroidManifest.xml:23:9-26:75
161            android:name="com.google.android.gms.common.api.GoogleApiActivity"
161-->[com.google.android.gms:play-services-base:17.1.0] AndroidManifest.xml:24:13-79
162            android:exported="false"
162-->[com.google.android.gms:play-services-base:17.1.0] AndroidManifest.xml:25:13-37
163            android:theme="@android:style/Theme.Translucent.NoTitleBar" />
163-->[com.google.android.gms:play-services-base:17.1.0] AndroidManifest.xml:26:13-72
164
165        <meta-data
165-->[com.google.android.gms:play-services-basement:17.0.0] AndroidManifest.xml:23:9-25:69
166            android:name="com.google.android.gms.version"
166-->[com.google.android.gms:play-services-basement:17.0.0] AndroidManifest.xml:24:13-58
167            android:value="@integer/google_play_services_version" />
167-->[com.google.android.gms:play-services-basement:17.0.0] AndroidManifest.xml:25:13-66
168    </application>
169
170</manifest>